[02:16:45] [ServerMain/INFO]: [bootstrap] Running Java 21 (OpenJDK 64-Bit Server VM 21.0.8+9-Ubuntu-0ubuntu124.04.1; Ubuntu null) on Linux 6.8.0-1030-azure (amd64)
[02:16:45] [ServerMain/INFO]: [bootstrap] Loading Paper 1.21.8-6-main@782ce95 (2025-07-18T20:26:58Z) for Minecraft 1.21.8
[02:16:45] [ServerMain/INFO]: [PluginInitializerManager] Initializing plugins...
[02:16:45] [Paper Plugin Remapper Thread - 2/INFO]: [PluginRemapper] Remapping plugin 'plugins/SkinsRestorer.jar'...
[02:16:48] [Paper Plugin Remapper Thread - 2/INFO]: [PluginRemapper] Done remapping plugin 'plugins/SkinsRestorer.jar' in 2505ms.
[02:16:48] [ServerMain/INFO]: [PluginInitializerManager] Initialized 2 plugins
[02:16:48] [ServerMain/INFO]: [PluginInitializerManager] Bukkit plugins (2):
 - ClearLag (3.2.2), SkinsRestorer (15.7.9)
[02:16:53] [ServerMain/INFO]: Environment: Environment[sessionHost=https://sessionserver.mojang.com, servicesHost=https://api.minecraftservices.com, name=PROD]
[02:16:55] [ServerMain/INFO]: Loaded 1407 recipes
[02:16:55] [ServerMain/INFO]: Loaded 1520 advancements
[02:16:55] [ServerMain/INFO]: [ca.spottedleaf.dataconverter.minecraft.datatypes.MCTypeRegistry] Initialising converters for DataConverter...
[02:16:56] [ServerMain/INFO]: [ca.spottedleaf.dataconverter.minecraft.datatypes.MCTypeRegistry] Finished initialising converters for DataConverter in 418.9ms
[02:16:56] [Server thread/INFO]: Starting minecraft server version 1.21.8
[02:16:56] [Server thread/INFO]: Loading properties
[02:16:56] [Server thread/INFO]: This server is running Paper version 1.21.8-6-main@782ce95 (2025-07-18T20:26:58Z) (Implementing API version 1.21.8-R0.1-SNAPSHOT)
[02:16:56] [Server thread/INFO]: [spark] This server bundles the spark profiler. For more information please visit https://docs.papermc.io/paper/profiling
[02:16:56] [Server thread/INFO]: Using 4 threads for Netty based IO
[02:16:56] [Server thread/INFO]: Server Ping Player Sample Count: 12
[02:16:57] [Server thread/INFO]: [MoonriseCommon] Paper is using 1 worker threads, 1 I/O threads
[02:16:57] [Server thread/INFO]: [ChunkTaskScheduler] Chunk system is using population gen parallelism: true
[02:16:57] [Server thread/INFO]: Default game type: SURVIVAL
[02:16:57] [Server thread/INFO]: Generating keypair
[02:16:57] [Server thread/INFO]: Starting Minecraft server on *:25565
[02:16:57] [Server thread/INFO]: Using epoll channel type
[02:16:57] [Server thread/INFO]: Paper: Using libdeflate (Linux x86_64) compression from Velocity.
[02:16:57] [Server thread/INFO]: Paper: Using OpenSSL 3.x.x (Linux x86_64) cipher from Velocity.
[02:16:57] [Server thread/INFO]: [ClearLag] Loading server plugin ClearLag v3.2.2
[02:16:57] [Server thread/INFO]: [SkinsRestorer] Loading server plugin SkinsRestorer v15.7.9
[02:16:57] [Server thread/INFO]: Server permissions file permissions.yml is empty, ignoring it
[02:16:57] [Server thread/INFO]: [SkinsRestorer] Enabling SkinsRestorer v15.7.9
[02:16:58] [Server thread/INFO]: [SkinsRestorer] Running on Minecraft 1.21.8.
[02:16:59] [Server thread/INFO]: [SkinsRestorer] Using paper join listener!
[02:16:59] [Server thread/WARN]: **** SERVER IS RUNNING IN OFFLINE/INSECURE MODE!
[02:16:59] [Server thread/WARN]: The server will make no attempt to authenticate usernames. Beware.
[02:16:59] [Server thread/WARN]: While this makes the game possible to play without internet access, it also opens up the ability for hackers to connect with any username they choose.
[02:16:59] [Server thread/WARN]: To change this, set "online-mode" to "true" in the server.properties file.
[02:16:59] [Server thread/INFO]: Preparing level "world"
[02:17:00] [Folia Async Scheduler Thread #1/INFO]: [SkinsRestorer] ----------------------------------------------
[02:17:00] [Folia Async Scheduler Thread #1/INFO]: [SkinsRestorer]     +==================+
[02:17:00] [Folia Async Scheduler Thread #1/INFO]: [SkinsRestorer]     |   SkinsRestorer  |
[02:17:00] [Folia Async Scheduler Thread #1/INFO]: [SkinsRestorer]     |------------------|
[02:17:00] [Folia Async Scheduler Thread #1/INFO]: [SkinsRestorer]     |  Standalone Mode |
[02:17:00] [Folia Async Scheduler Thread #1/INFO]: [SkinsRestorer]     +==================+
[02:17:00] [Folia Async Scheduler Thread #1/INFO]: [SkinsRestorer] ----------------------------------------------
[02:17:00] [Folia Async Scheduler Thread #1/INFO]: [SkinsRestorer]     Version: 15.7.9
[02:17:00] [Folia Async Scheduler Thread #1/INFO]: [SkinsRestorer]     Commit: eb4ae0c
[02:17:00] [Folia Async Scheduler Thread #1/INFO]: [SkinsRestorer]     This is the latest version!
[02:17:00] [Folia Async Scheduler Thread #1/INFO]: [SkinsRestorer] ----------------------------------------------
[02:17:00] [Folia Async Scheduler Thread #1/INFO]: [SkinsRestorer] Do you have issues? Read our troubleshooting guide: https://skinsrestorer.net/docs/troubleshooting
[02:17:00] [Folia Async Scheduler Thread #1/INFO]: [SkinsRestorer] Want to support SkinsRestorer? Consider donating: https://skinsrestorer.net/donate
[02:17:00] [Server thread/INFO]: Preparing start region for dimension minecraft:overworld
[02:17:00] [Server thread/INFO]: Preparing spawn area: 0%
[02:17:01] [Server thread/INFO]: Preparing spawn area: 0%
[02:17:01] [Server thread/INFO]: Preparing spawn area: 0%
[02:17:01] [Server thread/INFO]: Time elapsed: 1107 ms
[02:17:01] [Server thread/INFO]: Preparing start region for dimension minecraft:the_nether
[02:17:01] [Server thread/INFO]: Preparing spawn area: 0%
[02:17:01] [Server thread/INFO]: Time elapsed: 203 ms
[02:17:01] [Server thread/INFO]: Preparing start region for dimension minecraft:the_end
[02:17:01] [Server thread/INFO]: Preparing spawn area: 0%
[02:17:01] [Server thread/INFO]: Time elapsed: 128 ms
[02:17:01] [Server thread/INFO]: [ClearLag] Enabling ClearLag v3.2.2
[02:17:01] [Server thread/INFO]: [ClearLag] Using version-adapter: LatestVersionAdapter
[02:17:01] [Server thread/INFO]: [ClearLag] Loading modules...
[02:17:01] [Server thread/WARN]: [ClearLag] Clearlag failed to use the internal TPS tracker during initialization. Reverted to estimation... (Index 3 out of bounds for length 3)
[02:17:01] [Server thread/INFO]: [ClearLag] Modules enabed, loading config values
[02:17:01] [Server thread/INFO]: [ClearLag] Modules have been loaded!
[02:17:01] [Server thread/INFO]: [ClearLag] Clearlag is now enabled!
[02:17:01] [Thread-9/WARN]: [ClearLag] Clearlag failed to check for updates - bukkit may be down
[02:17:01] [Thread-9/WARN]: java.lang.ArrayIndexOutOfBoundsException: Index 3 out of bounds for length 3
[02:17:01] [Thread-9/WARN]: 	at Clearlag.jar//me.minebuilders.clearlag.Util.getBukkitVersion(Util.java:105)
[02:17:01] [Thread-9/WARN]: 	at Clearlag.jar//me.minebuilders.clearlag.BukkitUpdater.updateAvailable(BukkitUpdater.java:32)
[02:17:01] [Thread-9/WARN]: 	at Clearlag.jar//me.minebuilders.clearlag.BukkitUpdater.run(BukkitUpdater.java:82)
[02:17:01] [Thread-9/WARN]: 	at java.base/java.lang.Thread.run(Thread.java:1583)
[02:17:02] [Server thread/INFO]: [spark] Starting background profiler...
[02:17:02] [Server thread/INFO]: Done preparing level "world" (2.686s)
[02:17:02] [Server thread/INFO]: Running delayed init tasks
[02:17:02] [Server thread/INFO]: Done (17.944s)! For help, type "help"
[02:23:46] [User Authenticator #0/INFO]: UUID of player Mirindiwis is d2c3526a-79bb-300d-94e3-51d41a433385
[02:23:46] [Server thread/INFO]: [HorriblePlayerLoginEventHack] You have plugins listening to the PlayerLoginEvent, this will cause re-configuration APIs to be unavailable: [SkinsRestorer]
[02:23:48] [Server thread/INFO]: Mirindiwis joined the game
[02:23:48] [Server thread/INFO]: Mirindiwis[/127.111.252.125:58933] logged in with entity id 31 at ([world]1225.3436949914826, 61.0, -872.6999999880791)
[02:24:04] [Server thread/INFO]: Mirindiwis has made the advancement [Sweet Dreams]
[02:30:48] [User Authenticator #1/INFO]: UUID of player Nyehtz is 56c5e53b-7d52-3ed5-adcf-36baeabb5062
[02:30:49] [Server thread/INFO]: Nyehtz joined the game
[02:30:49] [Server thread/INFO]: Nyehtz[/127.142.173.228:56189] logged in with entity id 1024 at ([world]1226.5347180483511, 64.0, -876.8554016278092)
[02:31:40] [Server thread/INFO]: Nyehtz was slain by Mirindiwis
[02:33:12] [Server thread/INFO]: Nyehtz has made the advancement [Not Today, Thank You]
